  pch.cpp
  imgui.cpp
  imgui_demo.cpp
  imgui_draw.cpp
  imgui_impl_dx9.cpp
  imgui_impl_win32.cpp
  imgui_tables.cpp
  imgui_widgets.cpp
  libmem.c
C:\Users\rdbo\Documents\Repo\CS-Source-Multihack\include\libmem\libmem.c(2226): warning C4047: 'function': 'SIZE_T' differs in levels of indirection from 'void *'
C:\Users\rdbo\Documents\Repo\CS-Source-Multihack\include\libmem\libmem.c(2226): warning C4024: 'CreateRemoteThread': different types for formal and actual parameter 3
C:\Users\rdbo\Documents\Repo\CS-Source-Multihack\include\libmem\libmem.c(2226): warning C4047: 'function': 'DWORD' differs in levels of indirection from 'void *'
C:\Users\rdbo\Documents\Repo\CS-Source-Multihack\include\libmem\libmem.c(2226): warning C4024: 'CreateRemoteThread': different types for formal and actual parameter 6
  base.cpp
  main.cpp
  d3d9dummy.cpp
  hookmgr.cpp
  vmtmgr.cpp
  windowdata.cpp
  Generating code
  Previous IPDB not found, fall back to full compilation.
  All 173 functions were compiled because no usable IPDB/IOBJ from previous compilation was found.
  Finished generating code
  CS-Source-Multihack.vcxproj -> C:\Users\rdbo\Documents\Repo\CS-Source-Multihack\build\Win32\Release\CS-Source-Multihack.dll
